[0m21:20:45.756852 [debug] [MainThread]: Sending event: {'category': 'dbt', 'action': 'invocation', 'label': 'start', 'context': [<snowplow_tracker.self_describing_json.SelfDescribingJson object at 0x000002804C3AFF80>, <snowplow_tracker.self_describing_json.SelfDescribingJson object at 0x000002804C03A6F0>, <snowplow_tracker.self_describing_json.SelfDescribingJson object at 0x0000028049827260>]}


============================== 21:20:45.760876 | 783fc66f-c2e9-4d71-a719-be86771062dd ==============================
[0m21:20:45.760876 [info ] [MainThread]: Running with dbt=1.10.13
[0m21:20:45.760876 [debug] [MainThread]: running dbt with arguments {'partial_parse': 'True', 'profiles_dir': 'C:\\Users\\chric\\.dbt', 'send_anonymous_usage_stats': 'True', 'warn_error': 'None', 'cache_selected_only': 'False', 'target_path': 'None', 'version_check': 'True', 'invocation_command': 'dbt init', 'log_format': 'default', 'use_colors': 'True', 'introspect': 'True', 'debug': 'False', 'printer_width': '80', 'fail_fast': 'False', 'no_print': 'None', 'empty': 'None', 'use_experimental_parser': 'False', 'log_cache_events': 'False', 'quiet': 'False', 'log_path': 'logs', 'indirect_selection': 'eager', 'write_json': 'True', 'warn_error_options': 'WarnErrorOptionsV2(error=[], warn=[], silence=[])', 'static_parser': 'True'}
[0m21:21:04.516673 [debug] [MainThread]: Starter project path: d:\6.dev\french_water_analysis\.venv\Lib\site-packages\dbt\include\starter_project
[0m21:21:04.560974 [info ] [MainThread]: 
Your new dbt project "french_water_analysis" was created!

For more information on how to configure the profiles.yml file,
please consult the dbt documentation here:

  https://docs.getdbt.com/docs/configure-your-profile

One more thing:

Need help? Don't hesitate to reach out to us via GitHub issues or on Slack:

  https://community.getdbt.com/

Happy modeling!

[0m21:21:04.560974 [info ] [MainThread]: Setting up your profile.
[0m21:21:04.564223 [error] [MainThread]: Encountered an error:
Runtime Error
  No adapters available. Learn how to install an adapter by going to https://docs.getdbt.com/docs/connect-adapters#install-using-the-cli
[0m21:21:04.565225 [debug] [MainThread]: Command `dbt init` failed at 21:21:04.565225 after 18.91 seconds
[0m21:21:04.565225 [debug] [MainThread]: Sending event: {'category': 'dbt', 'action': 'invocation', 'label': 'end', 'context': [<snowplow_tracker.self_describing_json.SelfDescribingJson object at 0x0000028048E00950>, <snowplow_tracker.self_describing_json.SelfDescribingJson object at 0x000002804DAA7110>, <snowplow_tracker.self_describing_json.SelfDescribingJson object at 0x000002804C91FB90>]}
[0m21:21:04.566730 [debug] [MainThread]: Flushing usage events
[0m21:21:05.342444 [debug] [MainThread]: An error was encountered while trying to flush usage events
